<?xml version="1.0" encoding="UTF-8"?>
<!-- Generated by org.testng.reporters.JUnitXMLReporter -->
<testsuite hostname="hp" ignored="0" name="Default test" tests="3" failures="0" timestamp="2025-04-28T23:00:56 IST" time="26.222" errors="0">
  <testcase name="addPet" time="13.275" classname="api.test.PetAPITest"/>
  <testcase name="uploadPetImage" time="10.595" classname="api.test.PetAPITest"/>
  <testcase name="getPetDetails" time="2.18" classname="api.test.PetAPITest"/>
</testsuite> <!-- Default test -->
