<?xml version="1.0" encoding="UTF-8"?>
<!-- Generated by org.testng.reporters.JUnitXMLReporter -->
<testsuite hostname="hp" ignored="0" name="Default test" tests="7" failures="0" timestamp="2025-05-10T12:12:41 IST" time="25.499" errors="0">
  <testcase name="addPet" time="10.975" classname="api.test.PetAPITest"/>
  <testcase name="uploadPetImage" time="6.771" classname="api.test.PetAPITest"/>
  <testcase name="getPetDetails" time="1.482" classname="api.test.PetAPITest"/>
  <testcase name="updatePetDetails" time="1.398" classname="api.test.PetAPITest"/>
  <testcase name="getPetDetailsByStatus" time="1.728" classname="api.test.PetAPITest"/>
  <testcase name="updatePetDetailsByPetId" time="1.456" classname="api.test.PetAPITest"/>
  <testcase name="deletePetDetail" time="1.496" classname="api.test.PetAPITest"/>
</testsuite> <!-- Default test -->
