<?xml version="1.0" encoding="UTF-8"?>
<testng-results skipped="0" failed="0" ignored="0" total="2" passed="2">
  <reporter-output>
  </reporter-output>
  <suite name="Default suite" duration-ms="11619" started-at="2025-05-11T19:37:22 IST" finished-at="2025-05-11T19:37:34 IST">
    <groups>
      <group name="Sanity">
        <method signature="StoreAPITest.placePetOrder()[pri:0, instance:api.test.StoreAPITest@11438d26]" name="placePetOrder" class="api.test.StoreAPITest"/>
      </group> <!-- Sanity -->
      <group name="sanity">
        <method signature="StoreAPITest.getInventoryDetails()[pri:1, instance:api.test.StoreAPITest@11438d26]" name="getInventoryDetails" class="api.test.StoreAPITest"/>
      </group> <!-- sanity -->
    </groups>
    <test name="Default test" duration-ms="11619" started-at="2025-05-11T19:37:22 IST" finished-at="2025-05-11T19:37:34 IST">
      <class name="api.test.StoreAPITest">
        <test-method status="PASS" signature="setUp()[pri:0, instance:api.test.StoreAPITest@11438d26]" name="setUp" is-config="true" duration-ms="32" started-at="2025-05-11T19:37:22 IST" finished-at="2025-05-11T19:37:22 IST">
          <reporter-output>
          </reporter-output>
        </test-method> <!-- setUp -->
        <test-method status="PASS" signature="placePetOrder()[pri:0, instance:api.test.StoreAPITest@11438d26]" name="placePetOrder" duration-ms="9972" started-at="2025-05-11T19:37:22 IST" description="Place pet orders" finished-at="2025-05-11T19:37:32 IST">
          <reporter-output>
          </reporter-output>
        </test-method> <!-- placePetOrder -->
        <test-method status="PASS" signature="getInventoryDetails()[pri:1, instance:api.test.StoreAPITest@11438d26]" name="getInventoryDetails" duration-ms="1479" started-at="2025-05-11T19:37:32 IST" description="Get Inventory details" finished-at="2025-05-11T19:37:34 IST">
          <reporter-output>
          </reporter-output>
        </test-method> <!-- getInventoryDetails -->
      </class> <!-- api.test.StoreAPITest -->
    </test> <!-- Default test -->
  </suite> <!-- Default suite -->
</testng-results>
